# JRE version: OpenJDK Runtime Environment (17.0.10) (build 17.0.10+0--11572160)
# Java VM: OpenJDK 64-Bit Server VM (17.0.10+0--11572160, mixed mode, tiered, compressed oops, compressed class ptrs, g1 gc, windows-amd64)
GC Precious Log:
 CPUs: 8 total, 8 available
 Memory: 7886M
 Large Page Support: Disabled
 NUMA Support: Disabled
 Compressed Oops: Enabled (Zero based)
 Heap Region Size: 4M
 Heap Min Capacity: 8M
 Heap Initial Capacity: 124M
 Heap Max Capacity: 4608M
 Pre-touch: Disabled
 Parallel Workers: 8
 Concurrent Workers: 2
 Concurrent Refinement Workers: 8
 Periodic GC: Disabled
Heap:
 garbage-first heap   total 720896K, used 252133K [0x00000006e0000000, 0x0000000800000000)
  region size 4096K, 3 young (12288K), 3 survivors (12288K)
 Metaspace       used 108835K, committed 109568K, reserved 1179648K
  class space    used 14961K, committed 15296K, reserved 1048576K
GC Heap History (20 events):
Event: 13.786 GC heap after
{Heap after GC invocations=31 (full 0):
 garbage-first heap   total 360448K, used 197977K [0x00000006e0000000, 0x0000000800000000)
  region size 4096K, 4 young (16384K), 4 survivors (16384K)
 Metaspace       used 102074K, committed 102784K, reserved 1179648K
  class space    used 14070K, committed 14400K, reserved 1048576K
}
Event: 13.910 GC heap before
{Heap before GC invocations=31 (full 0):
 garbage-first heap   total 360448K, used 279897K [0x00000006e0000000, 0x0000000800000000)
  region size 4096K, 24 young (98304K), 4 survivors (16384K)
 Metaspace       used 102285K, committed 103040K, reserved 1179648K
  class space    used 14103K, committed 14464K, reserved 1048576K
}
Event: 13.938 GC heap after
{Heap after GC invocations=32 (full 0):
 garbage-first heap   total 720896K, used 210649K [0x00000006e0000000, 0x0000000800000000)
  region size 4096K, 3 young (12288K), 3 survivors (12288K)
 Metaspace       used 102285K, committed 103040K, reserved 1179648K
  class space    used 14103K, committed 14464K, reserved 1048576K
}
Event: 15.865 GC heap before
{Heap before GC invocations=33 (full 0):
 garbage-first heap   total 720896K, used 489177K [0x00000006e0000000, 0x0000000800000000)
  region size 4096K, 72 young (294912K), 3 survivors (12288K)
 Metaspace       used 107203K, committed 107904K, reserved 1179648K
  class space    used 14882K, committed 15232K, reserved 1048576K
}
Event: 15.965 GC heap after
{Heap after GC invocations=34 (full 0):
 garbage-first heap   total 720896K, used 242446K [0x00000006e0000000, 0x0000000800000000)
  region size 4096K, 9 young (36864K), 9 survivors (36864K)
 Metaspace       used 107203K, committed 107904K, reserved 1179648K
  class space    used 14882K, committed 15232K, reserved 1048576K
}
Event: 15.982 GC heap before
{Heap before GC invocations=34 (full 0):
 garbage-first heap   total 720896K, used 246542K [0x00000006e0000000, 0x0000000800000000)
  region size 4096K, 10 young (40960K), 9 survivors (36864K)
 Metaspace       used 107237K, committed 107968K, reserved 1179648K
  class space    used 14885K, committed 15232K, reserved 1048576K
}
Event: 16.048 GC heap after
{Heap after GC invocations=35 (full 0):
 garbage-first heap   total 720896K, used 245508K [0x00000006e0000000, 0x0000000800000000)
  region size 4096K, 2 young (8192K), 2 survivors (8192K)
 Metaspace       used 107237K, committed 107968K, reserved 1179648K
  class space    used 14885K, committed 15232K, reserved 1048576K
}
Event: 17.141 GC heap before
{Heap before GC invocations=35 (full 0):
 garbage-first heap   total 720896K, used 499460K [0x00000006e0000000, 0x0000000800000000)
  region size 4096K, 64 young (262144K), 2 survivors (8192K)
 Metaspace       used 108078K, committed 108800K, reserved 1179648K
  class space    used 14936K, committed 15232K, reserved 1048576K
}
Event: 17.147 GC heap after
{Heap after GC invocations=36 (full 0):
 garbage-first heap   total 720896K, used 242405K [0x00000006e0000000, 0x0000000800000000)
  region size 4096K, 1 young (4096K), 1 survivors (4096K)
 Metaspace       used 108078K, committed 108800K, reserved 1179648K
  class space    used 14936K, committed 15232K, reserved 1048576K
}
Event: 17.579 GC heap before
{Heap before GC invocations=36 (full 0):
 garbage-first heap   total 720896K, used 529125K [0x00000006e0000000, 0x0000000800000000)
  region size 4096K, 71 young (290816K), 1 survivors (4096K)
 Metaspace       used 108501K, committed 109248K, reserved 1179648K
  class space    used 14945K, committed 15296K, reserved 1048576K
}
Event: 17.586 GC heap after
{Heap after GC invocations=37 (full 0):
 garbage-first heap   total 720896K, used 244914K [0x00000006e0000000, 0x0000000800000000)
  region size 4096K, 2 young (8192K), 2 survivors (8192K)
 Metaspace       used 108501K, committed 109248K, reserved 1179648K
  class space    used 14945K, committed 15296K, reserved 1048576K
}
Event: 18.040 GC heap before
{Heap before GC invocations=37 (full 0):
 garbage-first heap   total 720896K, used 564402K [0x00000006e0000000, 0x0000000800000000)
  region size 4096K, 80 young (327680K), 2 survivors (8192K)
 Metaspace       used 108655K, committed 109440K, reserved 1179648K
  class space    used 14949K, committed 15296K, reserved 1048576K
}
Event: 18.050 GC heap after
{Heap after GC invocations=38 (full 0):
 garbage-first heap   total 720896K, used 245835K [0x00000006e0000000, 0x0000000800000000)
  region size 4096K, 2 young (8192K), 2 survivors (8192K)
 Metaspace       used 108655K, committed 109440K, reserved 1179648K
  class space    used 14949K, committed 15296K, reserved 1048576K
}
Event: 18.688 GC heap before
{Heap before GC invocations=38 (full 0):
 garbage-first heap   total 720896K, used 581707K [0x00000006e0000000, 0x0000000800000000)
  region size 4096K, 84 young (344064K), 2 survivors (8192K)
 Metaspace       used 108748K, committed 109504K, reserved 1179648K
  class space    used 14953K, committed 15296K, reserved 1048576K
}
Event: 18.698 GC heap after
{Heap after GC invocations=39 (full 0):
 garbage-first heap   total 720896K, used 246072K [0x00000006e0000000, 0x0000000800000000)
  region size 4096K, 2 young (8192K), 2 survivors (8192K)
 Metaspace       used 108748K, committed 109504K, reserved 1179648K
  class space    used 14953K, committed 15296K, reserved 1048576K
}
Event: 19.070 GC heap before
{Heap before GC invocations=39 (full 0):
 garbage-first heap   total 720896K, used 594232K [0x00000006e0000000, 0x0000000800000000)
  region size 4096K, 87 young (356352K), 2 survivors (8192K)
 Metaspace       used 108773K, committed 109504K, reserved 1179648K
  class space    used 14953K, committed 15296K, reserved 1048576K
}
Event: 19.082 GC heap after
{Heap after GC invocations=40 (full 0):
 garbage-first heap   total 720896K, used 247743K [0x00000006e0000000, 0x0000000800000000)
  region size 4096K, 2 young (8192K), 2 survivors (8192K)
 Metaspace       used 108773K, committed 109504K, reserved 1179648K
  class space    used 14953K, committed 15296K, reserved 1048576K
}
Event: 19.460 GC heap before
{Heap before GC invocations=40 (full 0):
 garbage-first heap   total 720896K, used 604095K [0x00000006e0000000, 0x0000000800000000)
  region size 4096K, 89 young (364544K), 2 survivors (8192K)
 Metaspace       used 108808K, committed 109568K, reserved 1179648K
  class space    used 14958K, committed 15296K, reserved 1048576K
}
Event: 19.475 GC heap after
{Heap after GC invocations=41 (full 0):
 garbage-first heap   total 720896K, used 249436K [0x00000006e0000000, 0x0000000800000000)
  region size 4096K, 3 young (12288K), 3 survivors (12288K)
 Metaspace       used 108808K, committed 109568K, reserved 1179648K
  class space    used 14958K, committed 15296K, reserved 1048576K
}
Event: 19.853 GC heap before
{Heap before GC invocations=41 (full 0):
 garbage-first heap   total 720896K, used 609884K [0x00000006e0000000, 0x0000000800000000)
  region size 4096K, 91 young (372736K), 3 survivors (12288K)
 Metaspace       used 108835K, committed 109568K, reserved 1179648K
  class space    used 14961K, committed 15296K, reserved 1048576K
}

