# JRE version: OpenJDK Runtime Environment (17.0.10) (build 17.0.10+0--11572160)
# Java VM: OpenJDK 64-Bit Server VM (17.0.10+0--11572160, mixed mode, tiered, compressed oops, compressed class ptrs, g1 gc, windows-amd64)
GC Precious Log:
 CPUs: 8 total, 8 available
 Memory: 7886M
 Large Page Support: Disabled
 NUMA Support: Disabled
 Compressed Oops: Enabled (Zero based)
 Heap Region Size: 4M
 Heap Min Capacity: 8M
 Heap Initial Capacity: 124M
 Heap Max Capacity: 4608M
 Pre-touch: Disabled
 Parallel Workers: 8
 Concurrent Workers: 2
 Concurrent Refinement Workers: 8
 Periodic GC: Disabled
Heap:
 garbage-first heap   total 1200128K, used 278044K [0x00000006e0000000, 0x0000000800000000)
  region size 4096K, 4 young (16384K), 4 survivors (16384K)
 Metaspace       used 111758K, committed 112512K, reserved 1179648K
  class space    used 15420K, committed 15744K, reserved 1048576K
GC Heap History (20 events):
Event: 14.887 GC heap after
{Heap after GC invocations=31 (full 0):
 garbage-first heap   total 753664K, used 194658K [0x00000006e0000000, 0x0000000800000000)
  region size 4096K, 6 young (24576K), 6 survivors (24576K)
 Metaspace       used 108145K, committed 108864K, reserved 1179648K
  class space    used 15044K, committed 15360K, reserved 1048576K
}
Event: 15.951 GC heap before
{Heap before GC invocations=31 (full 0):
 garbage-first heap   total 753664K, used 571490K [0x00000006e0000000, 0x0000000800000000)
  region size 4096K, 98 young (401408K), 6 survivors (24576K)
 Metaspace       used 108831K, committed 109568K, reserved 1179648K
  class space    used 15060K, committed 15360K, reserved 1048576K
}
Event: 15.975 GC heap after
{Heap after GC invocations=32 (full 0):
 garbage-first heap   total 753664K, used 197562K [0x00000006e0000000, 0x0000000800000000)
  region size 4096K, 7 young (28672K), 7 survivors (28672K)
 Metaspace       used 108831K, committed 109568K, reserved 1179648K
  class space    used 15060K, committed 15360K, reserved 1048576K
}
Event: 16.736 GC heap before
{Heap before GC invocations=32 (full 0):
 garbage-first heap   total 753664K, used 598970K [0x00000006e0000000, 0x0000000800000000)
  region size 4096K, 106 young (434176K), 7 survivors (28672K)
 Metaspace       used 109013K, committed 109696K, reserved 1179648K
  class space    used 15062K, committed 15360K, reserved 1048576K
}
Event: 16.770 GC heap after
{Heap after GC invocations=33 (full 0):
 garbage-first heap   total 753664K, used 199354K [0x00000006e0000000, 0x0000000800000000)
  region size 4096K, 7 young (28672K), 7 survivors (28672K)
 Metaspace       used 109013K, committed 109696K, reserved 1179648K
  class space    used 15062K, committed 15360K, reserved 1048576K
}
Event: 17.318 GC heap before
{Heap before GC invocations=33 (full 0):
 garbage-first heap   total 753664K, used 621242K [0x00000006e0000000, 0x0000000800000000)
  region size 4096K, 110 young (450560K), 7 survivors (28672K)
 Metaspace       used 110573K, committed 111296K, reserved 1179648K
  class space    used 15275K, committed 15616K, reserved 1048576K
}
Event: 17.347 GC heap after
{Heap after GC invocations=34 (full 0):
 garbage-first heap   total 753664K, used 201234K [0x00000006e0000000, 0x0000000800000000)
  region size 4096K, 8 young (32768K), 8 survivors (32768K)
 Metaspace       used 110573K, committed 111296K, reserved 1179648K
  class space    used 15275K, committed 15616K, reserved 1048576K
}
Event: 17.821 GC heap before
{Heap before GC invocations=34 (full 0):
 garbage-first heap   total 753664K, used 619026K [0x00000006e0000000, 0x0000000800000000)
  region size 4096K, 110 young (450560K), 8 survivors (32768K)
 Metaspace       used 110883K, committed 111616K, reserved 1179648K
  class space    used 15320K, committed 15616K, reserved 1048576K
}
Event: 17.850 GC heap after
{Heap after GC invocations=35 (full 0):
 garbage-first heap   total 1200128K, used 206730K [0x00000006e0000000, 0x0000000800000000)
  region size 4096K, 9 young (36864K), 9 survivors (36864K)
 Metaspace       used 110883K, committed 111616K, reserved 1179648K
  class space    used 15320K, committed 15616K, reserved 1048576K
}
Event: 20.094 GC heap before
{Heap before GC invocations=35 (full 0):
 garbage-first heap   total 1200128K, used 886666K [0x00000006e0000000, 0x0000000800000000)
  region size 4096K, 175 young (716800K), 9 survivors (36864K)
 Metaspace       used 111359K, committed 112192K, reserved 1179648K
  class space    used 15394K, committed 15744K, reserved 1048576K
}
Event: 20.240 GC heap after
{Heap after GC invocations=36 (full 0):
 garbage-first heap   total 1200128K, used 207842K [0x00000006e0000000, 0x0000000800000000)
  region size 4096K, 9 young (36864K), 9 survivors (36864K)
 Metaspace       used 111359K, committed 112192K, reserved 1179648K
  class space    used 15394K, committed 15744K, reserved 1048576K
}
Event: 21.795 GC heap before
{Heap before GC invocations=36 (full 0):
 garbage-first heap   total 1200128K, used 883682K [0x00000006e0000000, 0x0000000800000000)
  region size 4096K, 175 young (716800K), 9 survivors (36864K)
 Metaspace       used 111408K, committed 112192K, reserved 1179648K
  class space    used 15396K, committed 15744K, reserved 1048576K
}
Event: 21.915 GC heap after
{Heap after GC invocations=37 (full 0):
 garbage-first heap   total 1200128K, used 210418K [0x00000006e0000000, 0x0000000800000000)
  region size 4096K, 10 young (40960K), 10 survivors (40960K)
 Metaspace       used 111408K, committed 112192K, reserved 1179648K
  class space    used 15396K, committed 15744K, reserved 1048576K
}
Event: 23.234 GC heap before
{Heap before GC invocations=37 (full 0):
 garbage-first heap   total 1200128K, used 886258K [0x00000006e0000000, 0x0000000800000000)
  region size 4096K, 175 young (716800K), 10 survivors (40960K)
 Metaspace       used 111524K, committed 112320K, reserved 1179648K
  class space    used 15409K, committed 15744K, reserved 1048576K
}
Event: 23.278 GC heap after
{Heap after GC invocations=38 (full 0):
 garbage-first heap   total 1200128K, used 210506K [0x00000006e0000000, 0x0000000800000000)
  region size 4096K, 10 young (40960K), 10 survivors (40960K)
 Metaspace       used 111524K, committed 112320K, reserved 1179648K
  class space    used 15409K, committed 15744K, reserved 1048576K
}
Event: 24.900 GC heap before
{Heap before GC invocations=38 (full 0):
 garbage-first heap   total 1200128K, used 882250K [0x00000006e0000000, 0x0000000800000000)
  region size 4096K, 175 young (716800K), 10 survivors (40960K)
 Metaspace       used 111703K, committed 112448K, reserved 1179648K
  class space    used 15416K, committed 15744K, reserved 1048576K
}
Event: 24.957 GC heap after
{Heap after GC invocations=39 (full 0):
 garbage-first heap   total 1200128K, used 223686K [0x00000006e0000000, 0x0000000800000000)
  region size 4096K, 13 young (53248K), 13 survivors (53248K)
 Metaspace       used 111703K, committed 112448K, reserved 1179648K
  class space    used 15416K, committed 15744K, reserved 1048576K
}
Event: 26.045 GC heap before
{Heap before GC invocations=39 (full 0):
 garbage-first heap   total 1200128K, used 887238K [0x00000006e0000000, 0x0000000800000000)
  region size 4096K, 175 young (716800K), 13 survivors (53248K)
 Metaspace       used 111746K, committed 112512K, reserved 1179648K
  class space    used 15420K, committed 15744K, reserved 1048576K
}
Event: 26.393 GC heap after
{Heap after GC invocations=40 (full 0):
 garbage-first heap   total 1200128K, used 270072K [0x00000006e0000000, 0x0000000800000000)
  region size 4096K, 20 young (81920K), 20 survivors (81920K)
 Metaspace       used 111746K, committed 112512K, reserved 1179648K
  class space    used 15420K, committed 15744K, reserved 1048576K
}
Event: 27.547 GC heap before
{Heap before GC invocations=40 (full 0):
 garbage-first heap   total 1200128K, used 708344K [0x00000006e0000000, 0x0000000800000000)
  region size 4096K, 128 young (524288K), 20 survivors (81920K)
 Metaspace       used 111758K, committed 112512K, reserved 1179648K
  class space    used 15420K, committed 15744K, reserved 1048576K
}

