# JRE version: OpenJDK Runtime Environment (17.0.10) (build 17.0.10+0--11572160)
# Java VM: OpenJDK 64-Bit Server VM (17.0.10+0--11572160, mixed mode, tiered, compressed oops, compressed class ptrs, g1 gc, windows-amd64)
GC Precious Log:
 CPUs: 8 total, 8 available
 Memory: 7886M
 Large Page Support: Disabled
 NUMA Support: Disabled
 Compressed Oops: Enabled (Zero based)
 Heap Region Size: 4M
 Heap Min Capacity: 8M
 Heap Initial Capacity: 124M
 Heap Max Capacity: 4608M
 Pre-touch: Disabled
 Parallel Workers: 8
 Concurrent Workers: 2
 Concurrent Refinement Workers: 8
 Periodic GC: Disabled
Heap:
 garbage-first heap   total 647168K, used 202405K [0x00000006e0000000, 0x0000000800000000)
  region size 4096K, 6 young (24576K), 6 survivors (24576K)
 Metaspace       used 110476K, committed 111168K, reserved 1179648K
  class space    used 15224K, committed 15552K, reserved 1048576K
GC Heap History (20 events):
Event: 13.087 GC heap after
{Heap after GC invocations=30 (full 0):
 garbage-first heap   total 356352K, used 132055K [0x00000006e0000000, 0x0000000800000000)
  region size 4096K, 4 young (16384K), 4 survivors (16384K)
 Metaspace       used 101747K, committed 102400K, reserved 1179648K
  class space    used 14019K, committed 14272K, reserved 1048576K
}
Event: 13.327 GC heap before
{Heap before GC invocations=30 (full 0):
 garbage-first heap   total 356352K, used 263127K [0x00000006e0000000, 0x0000000800000000)
  region size 4096K, 36 young (147456K), 4 survivors (16384K)
 Metaspace       used 104435K, committed 105088K, reserved 1179648K
  class space    used 14472K, committed 14784K, reserved 1048576K
}
Event: 13.355 GC heap after
{Heap after GC invocations=31 (full 0):
 garbage-first heap   total 356352K, used 153351K [0x00000006e0000000, 0x0000000800000000)
  region size 4096K, 5 young (20480K), 5 survivors (20480K)
 Metaspace       used 104435K, committed 105088K, reserved 1179648K
  class space    used 14472K, committed 14784K, reserved 1048576K
}
Event: 13.712 GC heap before
{Heap before GC invocations=31 (full 0):
 garbage-first heap   total 356352K, used 263943K [0x00000006e0000000, 0x0000000800000000)
  region size 4096K, 33 young (135168K), 5 survivors (20480K)
 Metaspace       used 107592K, committed 108416K, reserved 1179648K
  class space    used 14981K, committed 15360K, reserved 1048576K
}
Event: 13.734 GC heap after
{Heap after GC invocations=32 (full 0):
 garbage-first heap   total 356352K, used 167027K [0x00000006e0000000, 0x0000000800000000)
  region size 4096K, 4 young (16384K), 4 survivors (16384K)
 Metaspace       used 107592K, committed 108416K, reserved 1179648K
  class space    used 14981K, committed 15360K, reserved 1048576K
}
Event: 14.069 GC heap before
{Heap before GC invocations=32 (full 0):
 garbage-first heap   total 356352K, used 273523K [0x00000006e0000000, 0x0000000800000000)
  region size 4096K, 30 young (122880K), 4 survivors (16384K)
 Metaspace       used 108602K, committed 109312K, reserved 1179648K
  class space    used 15153K, committed 15488K, reserved 1048576K
}
Event: 14.088 GC heap after
{Heap after GC invocations=33 (full 0):
 garbage-first heap   total 356352K, used 175312K [0x00000006e0000000, 0x0000000800000000)
  region size 4096K, 2 young (8192K), 2 survivors (8192K)
 Metaspace       used 108602K, committed 109312K, reserved 1179648K
  class space    used 15153K, committed 15488K, reserved 1048576K
}
Event: 14.729 GC heap before
{Heap before GC invocations=33 (full 0):
 garbage-first heap   total 356352K, used 277712K [0x00000006e0000000, 0x0000000800000000)
  region size 4096K, 28 young (114688K), 2 survivors (8192K)
 Metaspace       used 109305K, committed 110016K, reserved 1179648K
  class space    used 15168K, committed 15488K, reserved 1048576K
}
Event: 14.741 GC heap after
{Heap after GC invocations=34 (full 0):
 garbage-first heap   total 647168K, used 175932K [0x00000006e0000000, 0x0000000800000000)
  region size 4096K, 3 young (12288K), 3 survivors (12288K)
 Metaspace       used 109305K, committed 110016K, reserved 1179648K
  class space    used 15168K, committed 15488K, reserved 1048576K
}
Event: 15.983 GC heap before
{Heap before GC invocations=35 (full 0):
 garbage-first heap   total 647168K, used 491324K [0x00000006e0000000, 0x0000000800000000)
  region size 4096K, 81 young (331776K), 3 survivors (12288K)
 Metaspace       used 109861K, committed 110592K, reserved 1179648K
  class space    used 15192K, committed 15552K, reserved 1048576K
}
Event: 16.016 GC heap after
{Heap after GC invocations=36 (full 0):
 garbage-first heap   total 647168K, used 185889K [0x00000006e0000000, 0x0000000800000000)
  region size 4096K, 5 young (20480K), 5 survivors (20480K)
 Metaspace       used 109861K, committed 110592K, reserved 1179648K
  class space    used 15192K, committed 15552K, reserved 1048576K
}
Event: 16.026 GC heap before
{Heap before GC invocations=36 (full 0):
 garbage-first heap   total 647168K, used 194081K [0x00000006e0000000, 0x0000000800000000)
  region size 4096K, 7 young (28672K), 5 survivors (20480K)
 Metaspace       used 109862K, committed 110592K, reserved 1179648K
  class space    used 15192K, committed 15552K, reserved 1048576K
}
Event: 16.043 GC heap after
{Heap after GC invocations=37 (full 0):
 garbage-first heap   total 647168K, used 182368K [0x00000006e0000000, 0x0000000800000000)
  region size 4096K, 1 young (4096K), 1 survivors (4096K)
 Metaspace       used 109862K, committed 110592K, reserved 1179648K
  class space    used 15192K, committed 15552K, reserved 1048576K
}
Event: 16.690 GC heap before
{Heap before GC invocations=37 (full 0):
 garbage-first heap   total 647168K, used 530528K [0x00000006e0000000, 0x0000000800000000)
  region size 4096K, 86 young (352256K), 1 survivors (4096K)
 Metaspace       used 110164K, committed 110848K, reserved 1179648K
  class space    used 15200K, committed 15552K, reserved 1048576K
}
Event: 16.718 GC heap after
{Heap after GC invocations=38 (full 0):
 garbage-first heap   total 647168K, used 198594K [0x00000006e0000000, 0x0000000800000000)
  region size 4096K, 5 young (20480K), 5 survivors (20480K)
 Metaspace       used 110164K, committed 110848K, reserved 1179648K
  class space    used 15200K, committed 15552K, reserved 1048576K
}
Event: 17.656 GC heap before
{Heap before GC invocations=38 (full 0):
 garbage-first heap   total 647168K, used 526274K [0x00000006e0000000, 0x0000000800000000)
  region size 4096K, 85 young (348160K), 5 survivors (20480K)
 Metaspace       used 110360K, committed 111040K, reserved 1179648K
  class space    used 15219K, committed 15552K, reserved 1048576K
}
Event: 17.672 GC heap after
{Heap after GC invocations=39 (full 0):
 garbage-first heap   total 647168K, used 200606K [0x00000006e0000000, 0x0000000800000000)
  region size 4096K, 6 young (24576K), 6 survivors (24576K)
 Metaspace       used 110360K, committed 111040K, reserved 1179648K
  class space    used 15219K, committed 15552K, reserved 1048576K
}
Event: 18.209 GC heap before
{Heap before GC invocations=39 (full 0):
 garbage-first heap   total 647168K, used 536478K [0x00000006e0000000, 0x0000000800000000)
  region size 4096K, 88 young (360448K), 6 survivors (24576K)
 Metaspace       used 110449K, committed 111168K, reserved 1179648K
  class space    used 15222K, committed 15552K, reserved 1048576K
}
Event: 18.228 GC heap after
{Heap after GC invocations=40 (full 0):
 garbage-first heap   total 647168K, used 202641K [0x00000006e0000000, 0x0000000800000000)
  region size 4096K, 6 young (24576K), 6 survivors (24576K)
 Metaspace       used 110449K, committed 111168K, reserved 1179648K
  class space    used 15222K, committed 15552K, reserved 1048576K
}
Event: 18.680 GC heap before
{Heap before GC invocations=40 (full 0):
 garbage-first heap   total 647168K, used 546705K [0x00000006e0000000, 0x0000000800000000)
  region size 4096K, 90 young (368640K), 6 survivors (24576K)
 Metaspace       used 110476K, committed 111168K, reserved 1179648K
  class space    used 15224K, committed 15552K, reserved 1048576K
}

