# JRE version: OpenJDK Runtime Environment (17.0.10) (build 17.0.10+0--11572160)
# Java VM: OpenJDK 64-Bit Server VM (17.0.10+0--11572160, mixed mode, tiered, compressed oops, compressed class ptrs, g1 gc, windows-amd64)
GC Precious Log:
 CPUs: 8 total, 8 available
 Memory: 7886M
 Large Page Support: Disabled
 NUMA Support: Disabled
 Compressed Oops: Enabled (Zero based)
 Heap Region Size: 4M
 Heap Min Capacity: 8M
 Heap Initial Capacity: 124M
 Heap Max Capacity: 4608M
 Pre-touch: Disabled
 Parallel Workers: 8
 Concurrent Workers: 2
 Concurrent Refinement Workers: 8
 Periodic GC: Disabled
Heap:
 garbage-first heap   total 880640K, used 231446K [0x00000006e0000000, 0x0000000800000000)
  region size 4096K, 10 young (40960K), 10 survivors (40960K)
 Metaspace       used 141257K, committed 142400K, reserved 1179648K
  class space    used 18245K, committed 18816K, reserved 1048576K
GC Heap History (20 events):
Event: 1011.538 GC heap after
{Heap after GC invocations=59 (full 0):
 garbage-first heap   total 327680K, used 220889K [0x00000006e0000000, 0x0000000800000000)
  region size 4096K, 2 young (8192K), 2 survivors (8192K)
 Metaspace       used 128517K, committed 129472K, reserved 1179648K
  class space    used 16778K, committed 17216K, reserved 1048576K
}
Event: 1011.894 GC heap before
{Heap before GC invocations=60 (full 0):
 garbage-first heap   total 397312K, used 249561K [0x00000006e0000000, 0x0000000800000000)
  region size 4096K, 10 young (40960K), 2 survivors (8192K)
 Metaspace       used 128623K, committed 129664K, reserved 1179648K
  class space    used 16784K, committed 17280K, reserved 1048576K
}
Event: 1011.907 GC heap after
{Heap after GC invocations=61 (full 0):
 garbage-first heap   total 397312K, used 229376K [0x00000006e0000000, 0x0000000800000000)
  region size 4096K, 2 young (8192K), 2 survivors (8192K)
 Metaspace       used 128623K, committed 129664K, reserved 1179648K
  class space    used 16784K, committed 17280K, reserved 1048576K
}
Event: 1012.002 GC heap before
{Heap before GC invocations=61 (full 0):
 garbage-first heap   total 397312K, used 270336K [0x00000006e0000000, 0x0000000800000000)
  region size 4096K, 4 young (16384K), 2 survivors (8192K)
 Metaspace       used 128852K, committed 129920K, reserved 1179648K
  class space    used 16803K, committed 17280K, reserved 1048576K
}
Event: 1012.016 GC heap after
{Heap after GC invocations=62 (full 0):
 garbage-first heap   total 397312K, used 221085K [0x00000006e0000000, 0x0000000800000000)
  region size 4096K, 1 young (4096K), 1 survivors (4096K)
 Metaspace       used 128852K, committed 129920K, reserved 1179648K
  class space    used 16803K, committed 17280K, reserved 1048576K
}
Event: 1012.526 GC heap before
{Heap before GC invocations=62 (full 0):
 garbage-first heap   total 397312K, used 298909K [0x00000006e0000000, 0x0000000800000000)
  region size 4096K, 21 young (86016K), 1 survivors (4096K)
 Metaspace       used 131941K, committed 132992K, reserved 1179648K
  class space    used 17061K, committed 17536K, reserved 1048576K
}
Event: 1012.540 GC heap after
{Heap after GC invocations=63 (full 0):
 garbage-first heap   total 397312K, used 231081K [0x00000006e0000000, 0x0000000800000000)
  region size 4096K, 3 young (12288K), 3 survivors (12288K)
 Metaspace       used 131941K, committed 132992K, reserved 1179648K
  class space    used 17061K, committed 17536K, reserved 1048576K
}
Event: 1012.879 GC heap before
{Heap before GC invocations=64 (full 0):
 garbage-first heap   total 430080K, used 308905K [0x00000006e0000000, 0x0000000800000000)
  region size 4096K, 22 young (90112K), 3 survivors (12288K)
 Metaspace       used 132967K, committed 133952K, reserved 1179648K
  class space    used 17142K, committed 17600K, reserved 1048576K
}
Event: 1012.891 GC heap after
{Heap after GC invocations=65 (full 0):
 garbage-first heap   total 430080K, used 237813K [0x00000006e0000000, 0x0000000800000000)
  region size 4096K, 2 young (8192K), 2 survivors (8192K)
 Metaspace       used 132967K, committed 133952K, reserved 1179648K
  class space    used 17142K, committed 17600K, reserved 1048576K
}
Event: 1012.929 GC heap before
{Heap before GC invocations=65 (full 0):
 garbage-first heap   total 430080K, used 250101K [0x00000006e0000000, 0x0000000800000000)
  region size 4096K, 5 young (20480K), 2 survivors (8192K)
 Metaspace       used 133077K, committed 134080K, reserved 1179648K
  class space    used 17151K, committed 17600K, reserved 1048576K
}
Event: 1012.941 GC heap after
{Heap after GC invocations=66 (full 0):
 garbage-first heap   total 880640K, used 199869K [0x00000006e0000000, 0x0000000800000000)
  region size 4096K, 1 young (4096K), 1 survivors (4096K)
 Metaspace       used 133077K, committed 134080K, reserved 1179648K
  class space    used 17151K, committed 17600K, reserved 1048576K
}
Event: 1013.201 GC heap before
{Heap before GC invocations=66 (full 0):
 garbage-first heap   total 880640K, used 236733K [0x00000006e0000000, 0x0000000800000000)
  region size 4096K, 10 young (40960K), 1 survivors (4096K)
 Metaspace       used 133488K, committed 134528K, reserved 1179648K
  class space    used 17189K, committed 17664K, reserved 1048576K
}
Event: 1013.214 GC heap after
{Heap after GC invocations=67 (full 0):
 garbage-first heap   total 880640K, used 196466K [0x00000006e0000000, 0x0000000800000000)
  region size 4096K, 2 young (8192K), 2 survivors (8192K)
 Metaspace       used 133488K, committed 134528K, reserved 1179648K
  class space    used 17189K, committed 17664K, reserved 1048576K
}
Event: 1015.187 GC heap before
{Heap before GC invocations=67 (full 0):
 garbage-first heap   total 880640K, used 577394K [0x00000006e0000000, 0x0000000800000000)
  region size 4096K, 95 young (389120K), 2 survivors (8192K)
 Metaspace       used 138281K, committed 139264K, reserved 1179648K
  class space    used 17801K, committed 18240K, reserved 1048576K
}
Event: 1015.217 GC heap after
{Heap after GC invocations=68 (full 0):
 garbage-first heap   total 880640K, used 215790K [0x00000006e0000000, 0x0000000800000000)
  region size 4096K, 6 young (24576K), 6 survivors (24576K)
 Metaspace       used 138281K, committed 139264K, reserved 1179648K
  class space    used 17801K, committed 18240K, reserved 1048576K
}
Event: 1015.916 GC heap before
{Heap before GC invocations=68 (full 0):
 garbage-first heap   total 880640K, used 666350K [0x00000006e0000000, 0x0000000800000000)
  region size 4096K, 116 young (475136K), 6 survivors (24576K)
 Metaspace       used 138466K, committed 139520K, reserved 1179648K
  class space    used 17819K, committed 18304K, reserved 1048576K
}
Event: 1015.954 GC heap after
{Heap after GC invocations=69 (full 0):
 garbage-first heap   total 880640K, used 223161K [0x00000006e0000000, 0x0000000800000000)
  region size 4096K, 8 young (32768K), 8 survivors (32768K)
 Metaspace       used 138466K, committed 139520K, reserved 1179648K
  class space    used 17819K, committed 18304K, reserved 1048576K
}
Event: 1017.060 GC heap before
{Heap before GC invocations=69 (full 0):
 garbage-first heap   total 880640K, used 690105K [0x00000006e0000000, 0x0000000800000000)
  region size 4096K, 123 young (503808K), 8 survivors (32768K)
 Metaspace       used 138530K, committed 139520K, reserved 1179648K
  class space    used 17819K, committed 18304K, reserved 1048576K
}
Event: 1017.110 GC heap after
{Heap after GC invocations=70 (full 0):
 garbage-first heap   total 880640K, used 220067K [0x00000006e0000000, 0x0000000800000000)
  region size 4096K, 7 young (28672K), 7 survivors (28672K)
 Metaspace       used 138530K, committed 139520K, reserved 1179648K
  class space    used 17819K, committed 18304K, reserved 1048576K
}
Event: 1019.662 GC heap before
{Heap before GC invocations=70 (full 0):
 garbage-first heap   total 880640K, used 715683K [0x00000006e0000000, 0x0000000800000000)
  region size 4096K, 129 young (528384K), 7 survivors (28672K)
 Metaspace       used 141257K, committed 142400K, reserved 1179648K
  class space    used 18245K, committed 18816K, reserved 1048576K
}

