# JRE version: OpenJDK Runtime Environment (17.0.10) (build 17.0.10+0--11572160)
# Java VM: OpenJDK 64-Bit Server VM (17.0.10+0--11572160, mixed mode, tiered, compressed oops, compressed class ptrs, g1 gc, windows-amd64)
GC Precious Log:
 CPUs: 8 total, 8 available
 Memory: 7886M
 Large Page Support: Disabled
 NUMA Support: Disabled
 Compressed Oops: Enabled (Zero based)
 Heap Region Size: 4M
 Heap Min Capacity: 8M
 Heap Initial Capacity: 124M
 Heap Max Capacity: 4608M
 Pre-touch: Disabled
 Parallel Workers: 8
 Concurrent Workers: 2
 Concurrent Refinement Workers: 8
 Periodic GC: Disabled
Heap:
 garbage-first heap   total 475136K, used 255406K [0x00000006e0000000, 0x0000000800000000)
  region size 4096K, 2 young (8192K), 2 survivors (8192K)
 Metaspace       used 107311K, committed 108032K, reserved 1179648K
  class space    used 15039K, committed 15360K, reserved 1048576K
GC Heap History (20 events):
Event: 11.444 GC heap after
{Heap after GC invocations=27 (full 0):
 garbage-first heap   total 303104K, used 81121K [0x00000006e0000000, 0x0000000800000000)
  region size 4096K, 2 young (8192K), 2 survivors (8192K)
 Metaspace       used 86541K, committed 87168K, reserved 1179648K
  class space    used 11764K, committed 12032K, reserved 1048576K
}
Event: 12.697 GC heap before
{Heap before GC invocations=28 (full 0):
 garbage-first heap   total 303104K, used 232673K [0x00000006e0000000, 0x0000000800000000)
  region size 4096K, 40 young (163840K), 2 survivors (8192K)
 Metaspace       used 93120K, committed 93824K, reserved 1179648K
  class space    used 12636K, committed 12928K, reserved 1048576K
}
Event: 12.719 GC heap after
{Heap after GC invocations=29 (full 0):
 garbage-first heap   total 303104K, used 90043K [0x00000006e0000000, 0x0000000800000000)
  region size 4096K, 4 young (16384K), 4 survivors (16384K)
 Metaspace       used 93120K, committed 93824K, reserved 1179648K
  class space    used 12636K, committed 12928K, reserved 1048576K
}
Event: 12.987 GC heap before
{Heap before GC invocations=29 (full 0):
 garbage-first heap   total 303104K, used 221115K [0x00000006e0000000, 0x0000000800000000)
  region size 4096K, 37 young (151552K), 4 survivors (16384K)
 Metaspace       used 94493K, committed 95168K, reserved 1179648K
  class space    used 12827K, committed 13120K, reserved 1048576K
}
Event: 13.005 GC heap after
{Heap after GC invocations=30 (full 0):
 garbage-first heap   total 303104K, used 118028K [0x00000006e0000000, 0x0000000800000000)
  region size 4096K, 5 young (20480K), 5 survivors (20480K)
 Metaspace       used 94493K, committed 95168K, reserved 1179648K
  class space    used 12827K, committed 13120K, reserved 1048576K
}
Event: 13.423 GC heap before
{Heap before GC invocations=30 (full 0):
 garbage-first heap   total 303104K, used 216332K [0x00000006e0000000, 0x0000000800000000)
  region size 4096K, 30 young (122880K), 5 survivors (20480K)
 Metaspace       used 97894K, committed 98560K, reserved 1179648K
  class space    used 13372K, committed 13696K, reserved 1048576K
}
Event: 13.443 GC heap after
{Heap after GC invocations=31 (full 0):
 garbage-first heap   total 303104K, used 136066K [0x00000006e0000000, 0x0000000800000000)
  region size 4096K, 4 young (16384K), 4 survivors (16384K)
 Metaspace       used 97894K, committed 98560K, reserved 1179648K
  class space    used 13372K, committed 13696K, reserved 1048576K
}
Event: 13.740 GC heap before
{Heap before GC invocations=31 (full 0):
 garbage-first heap   total 303104K, used 222082K [0x00000006e0000000, 0x0000000800000000)
  region size 4096K, 25 young (102400K), 4 survivors (16384K)
 Metaspace       used 98303K, committed 99008K, reserved 1179648K
  class space    used 13416K, committed 13760K, reserved 1048576K
}
Event: 13.767 GC heap after
{Heap after GC invocations=32 (full 0):
 garbage-first heap   total 303104K, used 152460K [0x00000006e0000000, 0x0000000800000000)
  region size 4096K, 4 young (16384K), 4 survivors (16384K)
 Metaspace       used 98303K, committed 99008K, reserved 1179648K
  class space    used 13416K, committed 13760K, reserved 1048576K
}
Event: 13.895 GC heap before
{Heap before GC invocations=32 (full 0):
 garbage-first heap   total 303104K, used 222092K [0x00000006e0000000, 0x0000000800000000)
  region size 4096K, 22 young (90112K), 4 survivors (16384K)
 Metaspace       used 99335K, committed 100096K, reserved 1179648K
  class space    used 13598K, committed 13952K, reserved 1048576K
}
Event: 13.920 GC heap after
{Heap after GC invocations=33 (full 0):
 garbage-first heap   total 475136K, used 168328K [0x00000006e0000000, 0x0000000800000000)
  region size 4096K, 3 young (12288K), 3 survivors (12288K)
 Metaspace       used 99335K, committed 100096K, reserved 1179648K
  class space    used 13598K, committed 13952K, reserved 1048576K
}
Event: 14.580 GC heap before
{Heap before GC invocations=34 (full 0):
 garbage-first heap   total 475136K, used 344456K [0x00000006e0000000, 0x0000000800000000)
  region size 4096K, 46 young (188416K), 3 survivors (12288K)
 Metaspace       used 101163K, committed 101888K, reserved 1179648K
  class space    used 13845K, committed 14144K, reserved 1048576K
}
Event: 14.789 GC heap after
{Heap after GC invocations=35 (full 0):
 garbage-first heap   total 475136K, used 199299K [0x00000006e0000000, 0x0000000800000000)
  region size 4096K, 6 young (24576K), 6 survivors (24576K)
 Metaspace       used 101163K, committed 101888K, reserved 1179648K
  class space    used 13845K, committed 14144K, reserved 1048576K
}
Event: 14.800 GC heap before
{Heap before GC invocations=35 (full 0):
 garbage-first heap   total 475136K, used 203395K [0x00000006e0000000, 0x0000000800000000)
  region size 4096K, 7 young (28672K), 6 survivors (24576K)
 Metaspace       used 101202K, committed 101888K, reserved 1179648K
  class space    used 13861K, committed 14144K, reserved 1048576K
}
Event: 14.834 GC heap after
{Heap after GC invocations=36 (full 0):
 garbage-first heap   total 475136K, used 203185K [0x00000006e0000000, 0x0000000800000000)
  region size 4096K, 1 young (4096K), 1 survivors (4096K)
 Metaspace       used 101202K, committed 101888K, reserved 1179648K
  class space    used 13861K, committed 14144K, reserved 1048576K
}
Event: 15.288 GC heap before
{Heap before GC invocations=36 (full 0):
 garbage-first heap   total 475136K, used 354737K [0x00000006e0000000, 0x0000000800000000)
  region size 4096K, 38 young (155648K), 1 survivors (4096K)
 Metaspace       used 102658K, committed 103360K, reserved 1179648K
  class space    used 14230K, committed 14528K, reserved 1048576K
}
Event: 15.321 GC heap after
{Heap after GC invocations=37 (full 0):
 garbage-first heap   total 475136K, used 225280K [0x00000006e0000000, 0x0000000800000000)
  region size 4096K, 5 young (20480K), 5 survivors (20480K)
 Metaspace       used 102658K, committed 103360K, reserved 1179648K
  class space    used 14230K, committed 14528K, reserved 1048576K
}
Event: 15.741 GC heap before
{Heap before GC invocations=37 (full 0):
 garbage-first heap   total 475136K, used 360448K [0x00000006e0000000, 0x0000000800000000)
  region size 4096K, 39 young (159744K), 5 survivors (20480K)
 Metaspace       used 104955K, committed 105664K, reserved 1179648K
  class space    used 14651K, committed 14976K, reserved 1048576K
}
Event: 15.785 GC heap after
{Heap after GC invocations=38 (full 0):
 garbage-first heap   total 475136K, used 248264K [0x00000006e0000000, 0x0000000800000000)
  region size 4096K, 5 young (20480K), 5 survivors (20480K)
 Metaspace       used 104955K, committed 105664K, reserved 1179648K
  class space    used 14651K, committed 14976K, reserved 1048576K
}
Event: 16.228 GC heap before
{Heap before GC invocations=38 (full 0):
 garbage-first heap   total 475136K, used 371144K [0x00000006e0000000, 0x0000000800000000)
  region size 4096K, 35 young (143360K), 5 survivors (20480K)
 Metaspace       used 107311K, committed 108032K, reserved 1179648K
  class space    used 15039K, committed 15360K, reserved 1048576K
}

