# JRE version: OpenJDK Runtime Environment (17.0.10) (build 17.0.10+0--11572160)
# Java VM: OpenJDK 64-Bit Server VM (17.0.10+0--11572160, mixed mode, tiered, compressed oops, compressed class ptrs, g1 gc, windows-amd64)
GC Precious Log:
 CPUs: 8 total, 8 available
 Memory: 7886M
 Large Page Support: Disabled
 NUMA Support: Disabled
 Compressed Oops: Enabled (Zero based)
 Heap Region Size: 4M
 Heap Min Capacity: 8M
 Heap Initial Capacity: 124M
 Heap Max Capacity: 4608M
 Pre-touch: Disabled
 Parallel Workers: 8
 Concurrent Workers: 2
 Concurrent Refinement Workers: 8
 Periodic GC: Disabled
Heap:
 garbage-first heap   total 634880K, used 240394K [0x00000006e0000000, 0x0000000800000000)
  region size 4096K, 1 young (4096K), 1 survivors (4096K)
 Metaspace       used 107788K, committed 108480K, reserved 1179648K
  class space    used 14892K, committed 15232K, reserved 1048576K
GC Heap History (20 events):
Event: 12.359 GC heap after
{Heap after GC invocations=29 (full 0):
 garbage-first heap   total 229376K, used 100656K [0x00000006e0000000, 0x0000000800000000)
  region size 4096K, 2 young (8192K), 2 survivors (8192K)
 Metaspace       used 94141K, committed 94848K, reserved 1179648K
  class space    used 12776K, committed 13120K, reserved 1048576K
}
Event: 12.476 GC heap before
{Heap before GC invocations=29 (full 0):
 garbage-first heap   total 229376K, used 170288K [0x00000006e0000000, 0x0000000800000000)
  region size 4096K, 20 young (81920K), 2 survivors (8192K)
 Metaspace       used 94896K, committed 95552K, reserved 1179648K
  class space    used 12887K, committed 13184K, reserved 1048576K
}
Event: 12.485 GC heap after
{Heap after GC invocations=30 (full 0):
 garbage-first heap   total 229376K, used 116293K [0x00000006e0000000, 0x0000000800000000)
  region size 4096K, 3 young (12288K), 3 survivors (12288K)
 Metaspace       used 94896K, committed 95552K, reserved 1179648K
  class space    used 12887K, committed 13184K, reserved 1048576K
}
Event: 12.788 GC heap before
{Heap before GC invocations=30 (full 0):
 garbage-first heap   total 229376K, used 165445K [0x00000006e0000000, 0x0000000800000000)
  region size 4096K, 16 young (65536K), 3 survivors (12288K)
 Metaspace       used 97595K, committed 98368K, reserved 1179648K
  class space    used 13303K, committed 13632K, reserved 1048576K
}
Event: 12.800 GC heap after
{Heap after GC invocations=31 (full 0):
 garbage-first heap   total 229376K, used 119731K [0x00000006e0000000, 0x0000000800000000)
  region size 4096K, 2 young (8192K), 2 survivors (8192K)
 Metaspace       used 97595K, committed 98368K, reserved 1179648K
  class space    used 13303K, committed 13632K, reserved 1048576K
}
Event: 13.032 GC heap before
{Heap before GC invocations=31 (full 0):
 garbage-first heap   total 274432K, used 172979K [0x00000006e0000000, 0x0000000800000000)
  region size 4096K, 15 young (61440K), 2 survivors (8192K)
 Metaspace       used 97642K, committed 98432K, reserved 1179648K
  class space    used 13299K, committed 13632K, reserved 1048576K
}
Event: 13.052 GC heap after
{Heap after GC invocations=32 (full 0):
 garbage-first heap   total 274432K, used 130654K [0x00000006e0000000, 0x0000000800000000)
  region size 4096K, 2 young (8192K), 2 survivors (8192K)
 Metaspace       used 97642K, committed 98432K, reserved 1179648K
  class space    used 13299K, committed 13632K, reserved 1048576K
}
Event: 13.213 GC heap before
{Heap before GC invocations=33 (full 0):
 garbage-first heap   total 274432K, used 196190K [0x00000006e0000000, 0x0000000800000000)
  region size 4096K, 19 young (77824K), 2 survivors (8192K)
 Metaspace       used 98364K, committed 99136K, reserved 1179648K
  class space    used 13415K, committed 13760K, reserved 1048576K
}
Event: 13.233 GC heap after
{Heap after GC invocations=34 (full 0):
 garbage-first heap   total 274432K, used 143807K [0x00000006e0000000, 0x0000000800000000)
  region size 4096K, 3 young (12288K), 3 survivors (12288K)
 Metaspace       used 98364K, committed 99136K, reserved 1179648K
  class space    used 13415K, committed 13760K, reserved 1048576K
}
Event: 13.344 GC heap before
{Heap before GC invocations=34 (full 0):
 garbage-first heap   total 274432K, used 201151K [0x00000006e0000000, 0x0000000800000000)
  region size 4096K, 18 young (73728K), 3 survivors (12288K)
 Metaspace       used 99327K, committed 100032K, reserved 1179648K
  class space    used 13570K, committed 13888K, reserved 1048576K
}
Event: 13.368 GC heap after
{Heap after GC invocations=35 (full 0):
 garbage-first heap   total 634880K, used 156699K [0x00000006e0000000, 0x0000000800000000)
  region size 4096K, 3 young (12288K), 3 survivors (12288K)
 Metaspace       used 99327K, committed 100032K, reserved 1179648K
  class space    used 13570K, committed 13888K, reserved 1048576K
}
Event: 13.989 GC heap before
{Heap before GC invocations=36 (full 0):
 garbage-first heap   total 634880K, used 422939K [0x00000006e0000000, 0x0000000800000000)
  region size 4096K, 68 young (278528K), 3 survivors (12288K)
 Metaspace       used 102013K, committed 102784K, reserved 1179648K
  class space    used 14048K, committed 14400K, reserved 1048576K
}
Event: 14.057 GC heap after
{Heap after GC invocations=37 (full 0):
 garbage-first heap   total 634880K, used 200529K [0x00000006e0000000, 0x0000000800000000)
  region size 4096K, 9 young (36864K), 9 survivors (36864K)
 Metaspace       used 102013K, committed 102784K, reserved 1179648K
  class space    used 14048K, committed 14400K, reserved 1048576K
}
Event: 14.063 GC heap before
{Heap before GC invocations=37 (full 0):
 garbage-first heap   total 634880K, used 204625K [0x00000006e0000000, 0x0000000800000000)
  region size 4096K, 10 young (40960K), 9 survivors (36864K)
 Metaspace       used 102013K, committed 102784K, reserved 1179648K
  class space    used 14048K, committed 14400K, reserved 1048576K
}
Event: 14.107 GC heap after
{Heap after GC invocations=38 (full 0):
 garbage-first heap   total 634880K, used 205470K [0x00000006e0000000, 0x0000000800000000)
  region size 4096K, 2 young (8192K), 2 survivors (8192K)
 Metaspace       used 102013K, committed 102784K, reserved 1179648K
  class space    used 14048K, committed 14400K, reserved 1048576K
}
Event: 14.683 GC heap before
{Heap before GC invocations=38 (full 0):
 garbage-first heap   total 634880K, used 422558K [0x00000006e0000000, 0x0000000800000000)
  region size 4096K, 55 young (225280K), 2 survivors (8192K)
 Metaspace       used 105517K, committed 106240K, reserved 1179648K
  class space    used 14650K, committed 14976K, reserved 1048576K
}
Event: 14.729 GC heap after
{Heap after GC invocations=39 (full 0):
 garbage-first heap   total 634880K, used 235948K [0x00000006e0000000, 0x0000000800000000)
  region size 4096K, 7 young (28672K), 7 survivors (28672K)
 Metaspace       used 105517K, committed 106240K, reserved 1179648K
  class space    used 14650K, committed 14976K, reserved 1048576K
}
Event: 15.959 GC heap before
{Heap before GC invocations=39 (full 0):
 garbage-first heap   total 634880K, used 444844K [0x00000006e0000000, 0x0000000800000000)
  region size 4096K, 58 young (237568K), 7 survivors (28672K)
 Metaspace       used 107571K, committed 108288K, reserved 1179648K
  class space    used 14874K, committed 15168K, reserved 1048576K
}
Event: 15.989 GC heap after
{Heap after GC invocations=40 (full 0):
 garbage-first heap   total 634880K, used 242148K [0x00000006e0000000, 0x0000000800000000)
  region size 4096K, 2 young (8192K), 2 survivors (8192K)
 Metaspace       used 107571K, committed 108288K, reserved 1179648K
  class space    used 14874K, committed 15168K, reserved 1048576K
}
Event: 16.489 GC heap before
{Heap before GC invocations=40 (full 0):
 garbage-first heap   total 634880K, used 471524K [0x00000006e0000000, 0x0000000800000000)
  region size 4096K, 58 young (237568K), 2 survivors (8192K)
 Metaspace       used 107788K, committed 108480K, reserved 1179648K
  class space    used 14892K, committed 15232K, reserved 1048576K
}

